This is pdfTeX, Version 3.14159265-2.6-1.40.20 (TeX Live 2019/Debian) (preloaded format=pdflatex 2021.5.27)  16 OCT 2021 15:06
entering extended mode
 restricted \write18 enabled.
 file:line:error style messages enabled.
 %&-line parsing enabled.
**"/mnt/d/Universität/4. Semester/Multimedia/GitHub/MultimediaProjekt/doc/latex/main.tex"
(/mnt/d/Universität/4. Semester/Multimedia/GitHub/MultimediaProjekt/doc/latex/main.tex
LaTeX2e <2020-02-02> patch level 2
L3 programming layer <2020-02-14> (/usr/share/texlive/texmf-dist/tex/latex/base/article.cls
Document Class: article 2019/12/20 v1.4l Standard LaTeX document class
(/usr/share/texlive/texmf-dist/tex/latex/base/size11.clo
File: size11.clo 2019/12/20 v1.4l Standard LaTeX file (size option)
)
\c@part=\count167
\c@section=\count168
\c@subsection=\count169
\c@subsubsection=\count170
\c@paragraph=\count171
\c@subparagraph=\count172
\c@figure=\count173
\c@table=\count174
\abovecaptionskip=\skip47
\belowcaptionskip=\skip48
\bibindent=\dimen134
) (/usr/share/texlive/texmf-dist/tex/latex/amsmath/amsmath.sty
Package: amsmath 2020/01/20 v2.17e AMS math features
\@mathmargin=\skip49

For additional information on amsmath, use the `?' option.
(/usr/share/texlive/texmf-dist/tex/latex/amsmath/amstext.sty
Package: amstext 2000/06/29 v2.01 AMS text
 (/usr/share/texlive/texmf-dist/tex/latex/amsmath/amsgen.sty
File: amsgen.sty 1999/11/30 v2.0 generic functions
\@emptytoks=\toks14
\ex@=\dimen135
)) (/usr/share/texlive/texmf-dist/tex/latex/amsmath/amsbsy.sty
Package: amsbsy 1999/11/29 v1.2d Bold Symbols
\pmbraise@=\dimen136
) (/usr/share/texlive/texmf-dist/tex/latex/amsmath/amsopn.sty
Package: amsopn 2016/03/08 v2.02 operator names
)
\inf@bad=\count175
LaTeX Info: Redefining \frac on input line 227.
\uproot@=\count176
\leftroot@=\count177
LaTeX Info: Redefining \overline on input line 389.
\classnum@=\count178
\DOTSCASE@=\count179
LaTeX Info: Redefining \ldots on input line 486.
LaTeX Info: Redefining \dots on input line 489.
LaTeX Info: Redefining \cdots on input line 610.
\Mathstrutbox@=\box45
\strutbox@=\box46
\big@size=\dimen137
LaTeX Font Info:    Redeclaring font encoding OML on input line 733.
LaTeX Font Info:    Redeclaring font encoding OMS on input line 734.
\macc@depth=\count180
\c@MaxMatrixCols=\count181
\dotsspace@=\muskip16
\c@parentequation=\count182
\dspbrk@lvl=\count183
\tag@help=\toks15
\row@=\count184
\column@=\count185
\maxfields@=\count186
\andhelp@=\toks16
\eqnshift@=\dimen138
\alignsep@=\dimen139
\tagshift@=\dimen140
\tagwidth@=\dimen141
\totwidth@=\dimen142
\lineht@=\dimen143
\@envbody=\toks17
\multlinegap=\skip50
\multlinetaggap=\skip51
\mathdisplay@stack=\toks18
LaTeX Info: Redefining \[ on input line 2859.
LaTeX Info: Redefining \] on input line 2860.
) (/usr/share/texlive/texmf-dist/tex/latex/amsfonts/amssymb.sty
Package: amssymb 2013/01/14 v3.01 AMS font symbols
 (/usr/share/texlive/texmf-dist/tex/latex/amsfonts/amsfonts.sty
Package: amsfonts 2013/01/14 v3.01 Basic AMSFonts support
\symAMSa=\mathgroup4
\symAMSb=\mathgroup5
LaTeX Font Info:    Redeclaring math symbol \hbar on input line 98.
LaTeX Font Info:    Overwriting math alphabet `\mathfrak' in version `bold'
(Font)                  U/euf/m/n --> U/euf/b/n on input line 106.
)) (/usr/share/texlive/texmf-dist/tex/latex/amsmath/amscd.sty
Package: amscd 2017/04/14 v2.1 AMS Commutative Diagrams
\athelp@=\toks19
\minaw@=\dimen144
\bigaw@=\dimen145
\minCDarrowwidth=\dimen146
) (/usr/share/texlive/texmf-dist/tex/latex/amscls/amsthm.sty
Package: amsthm 2017/10/31 v2.20.4
\thm@style=\toks20
\thm@bodyfont=\toks21
\thm@headfont=\toks22
\thm@notefont=\toks23
\thm@headpunct=\toks24
\thm@preskip=\skip52
\thm@postskip=\skip53
\thm@headsep=\skip54
\dth@everypar=\toks25
) (/usr/share/texlive/texmf-dist/tex/latex/graphics/graphicx.sty
Package: graphicx 2019/11/30 v1.2a Enhanced LaTeX Graphics (DPC,SPQR)
 (/usr/share/texlive/texmf-dist/tex/latex/graphics/keyval.sty
Package: keyval 2014/10/28 v1.15 key=value parser (DPC)
\KV@toks@=\toks26
) (/usr/share/texlive/texmf-dist/tex/latex/graphics/graphics.sty
Package: graphics 2019/11/30 v1.4a Standard LaTeX Graphics (DPC,SPQR)
 (/usr/share/texlive/texmf-dist/tex/latex/graphics/trig.sty
Package: trig 2016/01/03 v1.10 sin cos tan (DPC)
) (/usr/share/texlive/texmf-dist/tex/latex/graphics-cfg/graphics.cfg
File: graphics.cfg 2016/06/04 v1.11 sample graphics configuration
)
Package graphics Info: Driver file: pdftex.def on input line 105.
 (/usr/share/texlive/texmf-dist/tex/latex/graphics-def/pdftex.def
File: pdftex.def 2018/01/08 v1.0l Graphics/color driver for pdftex
))
\Gin@req@height=\dimen147
\Gin@req@width=\dimen148
) (/usr/share/texlive/texmf-dist/tex/latex/hyperref/hyperref.sty
Package: hyperref 2020/01/14 v7.00d Hypertext links for LaTeX
 (/usr/share/texlive/texmf-dist/tex/generic/ltxcmds/ltxcmds.sty
Package: ltxcmds 2019/12/15 v1.24 LaTeX kernel commands for general use (HO)
) (/usr/share/texlive/texmf-dist/tex/generic/iftex/iftex.sty
Package: iftex 2019/11/07 v1.0c TeX engine tests
) (/usr/share/texlive/texmf-dist/tex/latex/pdftexcmds/pdftexcmds.sty
Package: pdftexcmds 2019/11/24 v0.31 Utility functions of pdfTeX for LuaTeX (HO)
 (/usr/share/texlive/texmf-dist/tex/generic/infwarerr/infwarerr.sty
Package: infwarerr 2019/12/03 v1.5 Providing info/warning/error messages (HO)
)
Package pdftexcmds Info: \pdf@primitive is available.
Package pdftexcmds Info: \pdf@ifprimitive is available.
Package pdftexcmds Info: \pdfdraftmode found.
) (/usr/share/texlive/texmf-dist/tex/generic/kvsetkeys/kvsetkeys.sty
Package: kvsetkeys 2019/12/15 v1.18 Key value parser (HO)
) (/usr/share/texlive/texmf-dist/tex/generic/kvdefinekeys/kvdefinekeys.sty
Package: kvdefinekeys 2019-12-19 v1.6 Define keys (HO)
) (/usr/share/texlive/texmf-dist/tex/generic/pdfescape/pdfescape.sty
Package: pdfescape 2019/12/09 v1.15 Implements pdfTeX's escape features (HO)
) (/usr/share/texlive/texmf-dist/tex/latex/hycolor/hycolor.sty
Package: hycolor 2020-01-27 v1.10 Color options for hyperref/bookmark (HO)
) (/usr/share/texlive/texmf-dist/tex/latex/letltxmacro/letltxmacro.sty
Package: letltxmacro 2019/12/03 v1.6 Let assignment for LaTeX macros (HO)
) (/usr/share/texlive/texmf-dist/tex/latex/auxhook/auxhook.sty
Package: auxhook 2019-12-17 v1.6 Hooks for auxiliary files (HO)
) (/usr/share/texlive/texmf-dist/tex/latex/kvoptions/kvoptions.sty
Package: kvoptions 2019/11/29 v3.13 Key value format for package options (HO)
)
\@linkdim=\dimen149
\Hy@linkcounter=\count187
\Hy@pagecounter=\count188
 (/usr/share/texlive/texmf-dist/tex/latex/hyperref/pd1enc.def
File: pd1enc.def 2020/01/14 v7.00d Hyperref: PDFDocEncoding definition (HO)
Now handling font encoding PD1 ...
... no UTF-8 mapping file for font encoding PD1
) (/usr/share/texlive/texmf-dist/tex/generic/intcalc/intcalc.sty
Package: intcalc 2019/12/15 v1.3 Expandable calculations with integers (HO)
) (/usr/share/texlive/texmf-dist/tex/generic/etexcmds/etexcmds.sty
Package: etexcmds 2019/12/15 v1.7 Avoid name clashes with e-TeX commands (HO)
)
\Hy@SavedSpaceFactor=\count189
\pdfmajorversion=\count190
Package hyperref Info: Hyper figures OFF on input line 4547.
Package hyperref Info: Link nesting OFF on input line 4552.
Package hyperref Info: Hyper index ON on input line 4555.
Package hyperref Info: Plain pages OFF on input line 4562.
Package hyperref Info: Backreferencing OFF on input line 4567.
Package hyperref Info: Implicit mode ON; LaTeX internals redefined.
Package hyperref Info: Bookmarks ON on input line 4800.
\c@Hy@tempcnt=\count191
 (/usr/share/texlive/texmf-dist/tex/latex/url/url.sty
\Urlmuskip=\muskip17
Package: url 2013/09/16  ver 3.4  Verb mode for urls, etc.
)
LaTeX Info: Redefining \url on input line 5159.
\XeTeXLinkMargin=\dimen150
 (/usr/share/texlive/texmf-dist/tex/generic/bitset/bitset.sty
Package: bitset 2019/12/09 v1.3 Handle bit-vector datatype (HO)
 (/usr/share/texlive/texmf-dist/tex/generic/bigintcalc/bigintcalc.sty
Package: bigintcalc 2019/12/15 v1.5 Expandable calculations on big integers (HO)
))
\Fld@menulength=\count192
\Field@Width=\dimen151
\Fld@charsize=\dimen152
Package hyperref Info: Hyper figures OFF on input line 6430.
Package hyperref Info: Link nesting OFF on input line 6435.
Package hyperref Info: Hyper index ON on input line 6438.
Package hyperref Info: backreferencing OFF on input line 6445.
Package hyperref Info: Link coloring OFF on input line 6450.
Package hyperref Info: Link coloring with OCG OFF on input line 6455.
Package hyperref Info: PDF/A mode OFF on input line 6460.
LaTeX Info: Redefining \ref on input line 6500.
LaTeX Info: Redefining \pageref on input line 6504.
 (/usr/share/texlive/texmf-dist/tex/generic/atbegshi/atbegshi.sty
Package: atbegshi 2019/12/05 v1.19 At begin shipout hook (HO)
)
\Hy@abspage=\count193
\c@Item=\count194
\c@Hfootnote=\count195
)
Package hyperref Info: Driver (autodetected): hpdftex.
 (/usr/share/texlive/texmf-dist/tex/latex/hyperref/hpdftex.def
File: hpdftex.def 2020/01/14 v7.00d Hyperref driver for pdfTeX
 (/usr/share/texlive/texmf-dist/tex/latex/atveryend/atveryend.sty
Package: atveryend 2019-12-11 v1.11 Hooks at the very end of document (HO)
Package atveryend Info: \enddocument detected (standard20110627).
)
\Fld@listcount=\count196
\c@bookmark@seq@number=\count197
 (/usr/share/texlive/texmf-dist/tex/latex/rerunfilecheck/rerunfilecheck.sty
Package: rerunfilecheck 2019/12/05 v1.9 Rerun checks for auxiliary files (HO)
 (/usr/share/texlive/texmf-dist/tex/generic/uniquecounter/uniquecounter.sty
Package: uniquecounter 2019/12/15 v1.4 Provide unlimited unique counter (HO)
)
Package uniquecounter Info: New unique counter `rerunfilecheck' on input line 286.
)
\Hy@SectionHShift=\skip55
) (/usr/share/texlive/texmf-dist/tex/latex/acronym/acronym.sty
Package: acronym 2019/11/11 v1.42 Support for acronyms (Tobias Oetiker)
 (/usr/share/texlive/texmf-dist/tex/latex/bigfoot/suffix.sty
Package: suffix 2006/07/15 1.5a Variant command support
) (/usr/share/texlive/texmf-dist/tex/generic/xstring/xstring.sty (/usr/share/texlive/texmf-dist/tex/generic/xstring/xstring.tex
\integerpart=\count198
\decimalpart=\count199
)
Package: xstring 2019/02/06 v1.83 String manipulations (CT)
)
\AC@clearlist=\toks27
) (/usr/share/texlive/texmf-dist/tex/latex/listings/listings.sty
\lst@mode=\count266
\lst@gtempboxa=\box47
\lst@token=\toks28
\lst@length=\count267
\lst@currlwidth=\dimen153
\lst@column=\count268
\lst@pos=\count269
\lst@lostspace=\dimen154
\lst@width=\dimen155
\lst@newlines=\count270
\lst@lineno=\count271
\lst@maxwidth=\dimen156
 (/usr/share/texlive/texmf-dist/tex/latex/listings/lstmisc.sty
File: lstmisc.sty 2019/09/10 1.8c (Carsten Heinz)
\c@lstnumber=\count272
\lst@skipnumbers=\count273
\lst@framebox=\box48
) (/usr/share/texlive/texmf-dist/tex/latex/listings/listings.cfg
File: listings.cfg 2019/09/10 1.8c listings configuration
))
Package: listings 2019/09/10 1.8c (Carsten Heinz)
 (/usr/share/texlive/texmf-dist/tex/latex/geometry/geometry.sty
Package: geometry 2020/01/02 v5.9 Page Geometry
 (/usr/share/texlive/texmf-dist/tex/generic/iftex/ifvtex.sty
Package: ifvtex 2019/10/25 v1.7 ifvtex legacy package. Use iftex instead.
)
\Gm@cnth=\count274
\Gm@cntv=\count275
\c@Gm@tempcnt=\count276
\Gm@bindingoffset=\dimen157
\Gm@wd@mp=\dimen158
\Gm@odd@mp=\dimen159
\Gm@even@mp=\dimen160
\Gm@layoutwidth=\dimen161
\Gm@layoutheight=\dimen162
\Gm@layouthoffset=\dimen163
\Gm@layoutvoffset=\dimen164
\Gm@dimlist=\toks29
) (/usr/share/texlive/texmf-dist/tex/latex/endnotes/endnotes.sty
Package: endnotes 2020-01-02 endnotes package
\c@endnote=\count277
\endnotesep=\dimen165
\@enotes=\write3
) (/usr/share/texlive/texmf-dist/tex/latex/subfigure/subfigure.sty
Package: subfigure 2002/03/15 v2.1.5 subfigure package
\subfigtopskip=\skip56
\subfigcapskip=\skip57
\subfigcaptopadj=\dimen166
\subfigbottomskip=\skip58
\subfigcapmargin=\dimen167
\subfiglabelskip=\skip59
\c@subfigure=\count278
\c@lofdepth=\count279
\c@subtable=\count280
\c@lotdepth=\count281

****************************************
* Local config file subfigure.cfg used *
****************************************
(/usr/share/texlive/texmf-dist/tex/latex/subfigure/subfigure.cfg)
\subfig@top=\skip60
\subfig@bottom=\skip61
) (/usr/share/texlive/texmf-dist/tex/latex/wrapfig/wrapfig.sty
\wrapoverhang=\dimen168
\WF@size=\dimen169
\c@WF@wrappedlines=\count282
\WF@box=\box49
\WF@everypar=\toks30
Package: wrapfig 2003/01/31  v 3.6
) (/usr/share/texlive/texmf-dist/tex/latex/mathtools/mathtools.sty
Package: mathtools 2020/01/17 v1.23 mathematical typesetting tools
 (/usr/share/texlive/texmf-dist/tex/latex/tools/calc.sty
Package: calc 2017/05/25 v4.3 Infix arithmetic (KKT,FJ)
\calc@Acount=\count283
\calc@Bcount=\count284
\calc@Adimen=\dimen170
\calc@Bdimen=\dimen171
\calc@Askip=\skip62
\calc@Bskip=\skip63
LaTeX Info: Redefining \setlength on input line 80.
LaTeX Info: Redefining \addtolength on input line 81.
\calc@Ccount=\count285
\calc@Cskip=\skip64
) (/usr/share/texlive/texmf-dist/tex/latex/mathtools/mhsetup.sty
Package: mhsetup 2017/03/31 v1.3 programming setup (MH)
)
LaTeX Info: Thecontrolsequence`\('isalreadyrobust on input line 129.
LaTeX Info: Thecontrolsequence`\)'isalreadyrobust on input line 129.
LaTeX Info: Thecontrolsequence`\['isalreadyrobust on input line 129.
LaTeX Info: Thecontrolsequence`\]'isalreadyrobust on input line 129.
\g_MT_multlinerow_int=\count286
\l_MT_multwidth_dim=\dimen172
\origjot=\skip65
\l_MT_shortvdotswithinadjustabove_dim=\dimen173
\l_MT_shortvdotswithinadjustbelow_dim=\dimen174
\l_MT_above_intertext_sep=\dimen175
\l_MT_below_intertext_sep=\dimen176
\l_MT_above_shortintertext_sep=\dimen177
\l_MT_below_shortintertext_sep=\dimen178
) (/usr/share/texlive/texmf-dist/tex/latex/blindtext/blindtext.sty
Package: blindtext 2012/01/06 V2.0 blindtext-Package
 (/usr/share/texlive/texmf-dist/tex/latex/tools/xspace.sty
Package: xspace 2014/10/28 v1.13 Space after command names (DPC,MH)
)
\c@blindtext=\count287
\c@Blindtext=\count288
\c@blind@countparstart=\count289
\blind@countxx=\count290
\blindtext@numBlindtext=\count291
\blind@countyy=\count292
\c@blindlist=\count293
\c@blindlistlevel=\count294
\c@blindlist@level=\count295
\blind@listitem=\count296
\c@blind@listcount=\count297
\c@blind@levelcount=\count298
\blind@mathformula=\count299
\blind@Mathformula=\count300
\c@blind@randomcount=\count301
\c@blind@randommax=\count302
\c@blind@pangramcount=\count303
\c@blind@pangrammax=\count304
) (/usr/share/texlive/texmf-dist/tex/latex/algorithms/algorithm.sty
Package: algorithm 2009/08/24 v0.1 Document Style `algorithm' - floating environment
 (/usr/share/texlive/texmf-dist/tex/latex/float/float.sty
Package: float 2001/11/08 v1.3d Float enhancements (AL)
\c@float@type=\count305
\float@exts=\toks31
\float@box=\box50
\@float@everytoks=\toks32
\@floatcapt=\box51
) (/usr/share/texlive/texmf-dist/tex/latex/base/ifthen.sty
Package: ifthen 2014/09/29 v1.1c Standard LaTeX ifthen package (DPC)
)
\@float@every@algorithm=\toks33
\c@algorithm=\count306
) (/usr/share/texlive/texmf-dist/tex/latex/algorithmicx/algpseudocode.sty
Package: algpseudocode 
 (/usr/share/texlive/texmf-dist/tex/latex/algorithmicx/algorithmicx.sty
Package: algorithmicx 2005/04/27 v1.2 Algorithmicx

Document Style algorithmicx 1.2 - a greatly improved `algorithmic' style
\c@ALG@line=\count307
\c@ALG@rem=\count308
\c@ALG@nested=\count309
\ALG@tlm=\skip66
\ALG@thistlm=\skip67
\c@ALG@Lnr=\count310
\c@ALG@blocknr=\count311
\c@ALG@storecount=\count312
\c@ALG@tmpcounter=\count313
\ALG@tmplength=\skip68
)
Document Style - pseudocode environments for use with the `algorithmicx' style
) (/usr/share/texlive/texmf-dist/tex/latex/base/inputenc.sty
Package: inputenc 2018/08/11 v1.3c Input encoding file
\inpenc@prehook=\toks34
\inpenc@posthook=\toks35
) (/usr/share/texlive/texmf-dist/tex/latex/base/fontenc.sty
Package: fontenc 2020/02/11 v2.0o Standard LaTeX package
) (/usr/share/texlive/texmf-dist/tex/generic/babel/babel.sty
Package: babel 2020/02/14 3.40 The Babel package
 (/usr/share/texlive/texmf-dist/tex/generic/babel/switch.def
File: switch.def 2020/02/14 3.40 Babel switching mechanism
) (/usr/share/texlive/texmf-dist/tex/generic/babel-german/ngerman.ldf
Language: ngerman 2018/12/08 v2.11 German support for babel (post-1996 orthography)
 (/usr/share/texlive/texmf-dist/tex/generic/babel-german/ngermanb.ldf
Language: ngermanb 2018/12/08 v2.11 German support for babel (post-1996 orthography)
 (/usr/share/texlive/texmf-dist/tex/generic/babel/babel.def
File: babel.def 2020/02/14 3.40 Babel common definitions
\babel@savecnt=\count314
\U@D=\dimen179
 (/usr/share/texlive/texmf-dist/tex/generic/babel/txtbabel.def)
\bbl@readstream=\read2
\bbl@dirlevel=\count315
)
Package babel Info: Making " an active character on input line 121.
))) (/usr/share/texlive/texmf-dist/tex/latex/hyphenat/hyphenat.sty
Package: hyphenat 2009/09/02 v2.3c hyphenation utilities
\langwohyphens=\language85
LaTeX Info: Redefining \_ on input line 43.
) (/usr/share/texlive/texmf-dist/tex/latex/xcolor/xcolor.sty
Package: xcolor 2016/05/11 v2.12 LaTeX color extensions (UK)
 (/usr/share/texlive/texmf-dist/tex/latex/graphics-cfg/color.cfg
File: color.cfg 2016/01/02 v1.6 sample color configuration
)
Package xcolor Info: Driver file: pdftex.def on input line 225.
Package xcolor Info: Model `cmy' substituted by `cmy0' on input line 1348.
Package xcolor Info: Model `hsb' substituted by `rgb' on input line 1352.
Package xcolor Info: Model `RGB' extended on input line 1364.
Package xcolor Info: Model `HTML' substituted by `rgb' on input line 1366.
Package xcolor Info: Model `Hsb' substituted by `hsb' on input line 1367.
Package xcolor Info: Model `tHsb' substituted by `hsb' on input line 1368.
Package xcolor Info: Model `HSB' substituted by `hsb' on input line 1369.
Package xcolor Info: Model `Gray' substituted by `gray' on input line 1370.
Package xcolor Info: Model `wave' substituted by `hsb' on input line 1371.
) (/usr/share/texlive/texmf-dist/tex/latex/listings/lstlang1.sty
File: lstlang1.sty 2019/09/10 1.8c listings language file
) (/usr/share/texlive/texmf-dist/tex/latex/listings/lstmisc.sty
File: lstmisc.sty 2019/09/10 1.8c (Carsten Heinz)
) (/usr/share/texlive/texmf-dist/tex/latex/glossaries/base/glossaries.sty
Package: glossaries 2020/02/13 v4.45 (NLCT)
 (/usr/share/texlive/texmf-dist/tex/latex/xkeyval/xkeyval.sty
Package: xkeyval 2014/12/03 v2.7a package option processing (HA)
 (/usr/share/texlive/texmf-dist/tex/generic/xkeyval/xkeyval.tex (/usr/share/texlive/texmf-dist/tex/generic/xkeyval/xkvutils.tex
\XKV@toks=\toks36
\XKV@tempa@toks=\toks37
)
\XKV@depth=\count316
File: xkeyval.tex 2014/12/03 v2.7a key=value parser (HA)
)) (/usr/share/texlive/texmf-dist/tex/latex/mfirstuc/mfirstuc.sty
Package: mfirstuc 2017/11/14 v2.06 (NLCT)
 (/usr/share/texlive/texmf-dist/tex/latex/etoolbox/etoolbox.sty
Package: etoolbox 2019/09/21 v2.5h e-TeX tools for LaTeX (JAW)
\etb@tempcnta=\count317
)
\@glsmfirst=\toks38
\@glsmrest=\toks39
) (/usr/share/texlive/texmf-dist/tex/latex/textcase/textcase.sty
Package: textcase 2019/09/14 v1.00 Text only upper/lower case changing (DPC)
) (/usr/share/texlive/texmf-dist/tex/latex/xfor/xfor.sty
Package: xfor 2009/02/05 v1.05 (NLCT)
) (/usr/share/texlive/texmf-dist/tex/latex/datatool/datatool-base.sty
Package: datatool-base 2019/09/27 v2.32 (NLCT)
 (/usr/share/texlive/texmf-dist/tex/latex/substr/substr.sty
Package: substr 2009/10/20 v1.2 Handle substrings
\c@su@anzahl=\count318
) (/usr/share/texlive/texmf-dist/tex/latex/datatool/datatool-fp.sty
Package: datatool-fp 2019/09/27 v2.32 (NLCT)
 (/usr/share/texlive/texmf-dist/tex/latex/fp/fp.sty
Package: fp 1995/04/02
 `Fixed Point Package', Version 0.8, April 2, 1995 (C) Michael Mehlich (/usr/share/texlive/texmf-dist/tex/latex/fp/defpattern.sty
Package: defpattern 1994/10/12
\actioncount=\count319
) (/usr/share/texlive/texmf-dist/tex/latex/fp/fp-basic.sty
Package: fp-basic 1996/05/13
\FP@xs=\count320
\FP@xia=\count321
\FP@xib=\count322
\FP@xfa=\count323
\FP@xfb=\count324
\FP@rega=\count325
\FP@regb=\count326
\FP@regs=\count327
\FP@times=\count328
) (/usr/share/texlive/texmf-dist/tex/latex/fp/fp-addons.sty
Package: fp-addons 1995/03/15
) (/usr/share/texlive/texmf-dist/tex/latex/fp/fp-snap.sty
Package: fp-snap 1995/04/05
) (/usr/share/texlive/texmf-dist/tex/latex/fp/fp-exp.sty
Package: fp-exp 1995/04/03
) (/usr/share/texlive/texmf-dist/tex/latex/fp/fp-trigo.sty
Package: fp-trigo 1995/04/14
) (/usr/share/texlive/texmf-dist/tex/latex/fp/fp-pas.sty
Package: fp-pas 1994/08/29
) (/usr/share/texlive/texmf-dist/tex/latex/fp/fp-random.sty
Package: fp-random 1995/02/23
\FPseed=\count329
) (/usr/share/texlive/texmf-dist/tex/latex/fp/fp-eqn.sty
Package: fp-eqn 1995/04/03
) (/usr/share/texlive/texmf-dist/tex/latex/fp/fp-upn.sty
Package: fp-upn 1996/10/21
) (/usr/share/texlive/texmf-dist/tex/latex/fp/fp-eval.sty
Package: fp-eval 1995/04/03
)))
\@dtl@toks=\toks40
\@dtl@tmpcount=\count330
\dtl@tmplength=\skip69
\dtl@sortresult=\count331
\@dtl@numgrpsepcount=\count332
\@dtl@datatype=\count333
\dtl@codeA=\count334
\dtl@codeB=\count335
\@dtl@foreach@level=\count336
) (/usr/share/texlive/texmf-dist/tex/latex/glossaries/base/glossaries-compatible-307.sty
Package: glossaries-compatible-307 2020/02/13 v4.45 (NLCT)
) (/usr/share/texlive/texmf-dist/tex/latex/tracklang/tracklang.sty
Package: tracklang 2019/11/30 v1.4 (NLCT) Track Languages
 (/usr/share/texlive/texmf-dist/tex/generic/tracklang/tracklang.tex)) (/usr/share/texlive/texmf-dist/tex/latex/translator/translator.sty
Package: translator 2019-05-31 v1.12a Easy translation of strings in LaTeX
) (/usr/share/texlive/texmf-dist/tex/latex/glossaries-german/glossaries-german.ldf
File: glossaries-german.ldf 2014/11/23 v1.0
)
\gls@level=\count337
\@gls@tmpb=\toks41
\gls@tmplen=\skip70
\glskeylisttok=\toks42
\glslabeltok=\toks43
\glsshorttok=\toks44
\glslongtok=\toks45
 (/usr/share/texlive/texmf-dist/tex/latex/glossaries/styles/glossary-hypernav.sty
Package: glossary-hypernav 2020/02/13 v4.45 (NLCT)
) (/usr/share/texlive/texmf-dist/tex/latex/glossaries/styles/glossary-list.sty
Package: glossary-list 2020/02/13 v4.45 (NLCT)
\glslistdottedwidth=\skip71
) (/usr/share/texlive/texmf-dist/tex/latex/glossaries/styles/glossary-long.sty
Package: glossary-long 2020/02/13 v4.45 (NLCT)
 (/usr/share/texlive/texmf-dist/tex/latex/tools/longtable.sty
Package: longtable 2020/01/07 v4.13 Multi-page Table package (DPC)
\LTleft=\skip72
\LTright=\skip73
\LTpre=\skip74
\LTpost=\skip75
\LTchunksize=\count338
\LTcapwidth=\dimen180
\LT@head=\box52
\LT@firsthead=\box53
\LT@foot=\box54
\LT@lastfoot=\box55
\LT@cols=\count339
\LT@rows=\count340
\c@LT@tables=\count341
\c@LT@chunks=\count342
\LT@p@ftn=\toks46
)
\glsdescwidth=\skip76
\glspagelistwidth=\skip77
) (/usr/share/texlive/texmf-dist/tex/latex/glossaries/styles/glossary-super.sty
Package: glossary-super 2020/02/13 v4.45 (NLCT)
 (/usr/share/texlive/texmf-dist/tex/latex/supertabular/supertabular.sty
Package: supertabular 2020/02/02 v4.1g the supertabular environment
\c@tracingst=\count343
\ST@wd=\dimen181
\ST@rightskip=\skip78
\ST@leftskip=\skip79
\ST@parfillskip=\skip80
\ST@pageleft=\dimen182
\ST@headht=\dimen183
\ST@tailht=\dimen184
\ST@pagesofar=\dimen185
\ST@pboxht=\dimen186
\ST@lineht=\dimen187
\ST@prevht=\dimen188
\ST@toadd=\dimen189
\ST@dimen=\dimen190
\ST@pbox=\box56
)) (/usr/share/texlive/texmf-dist/tex/latex/glossaries/styles/glossary-tree.sty
Package: glossary-tree 2020/02/13 v4.45 (NLCT)
\glstreeindent=\skip81
)) (/usr/share/texlive/texmf-dist/tex/latex/titling/titling.sty
Package: titling 2009/09/04 v2.1d maketitle typesetting
\thanksmarkwidth=\skip82
\thanksmargin=\skip83
\droptitle=\skip84
)
\glswrite=\write4
\glo@main@file=\write5
\openout5 = `main.glo'.

Package glossaries Info: Writing glossary file main.glo on input line 85.
 (/usr/share/texlive/texmf-dist/tex/latex/l3backend/l3backend-pdfmode.def
File: l3backend-pdfmode.def 2020-02-03 L3 backend support: PDF mode
\l__kernel_color_stack_int=\count344
\l__pdf_internal_box=\box57
) (/mnt/d/Universität/4. Semester/Multimedia/GitHub/MultimediaProjekt/doc/latex/main.aux)
\openout1 = `main.aux'.

LaTeX Font Info:    Checking defaults for OML/cmm/m/it on input line 110.
LaTeX Font Info:    ... okay on input line 110.
LaTeX Font Info:    Checking defaults for OMS/cmsy/m/n on input line 110.
LaTeX Font Info:    ... okay on input line 110.
LaTeX Font Info:    Checking defaults for OT1/cmr/m/n on input line 110.
LaTeX Font Info:    ... okay on input line 110.
LaTeX Font Info:    Checking defaults for T1/cmr/m/n on input line 110.
LaTeX Font Info:    ... okay on input line 110.
LaTeX Font Info:    Checking defaults for TS1/cmr/m/n on input line 110.
LaTeX Font Info:    ... okay on input line 110.
LaTeX Font Info:    Checking defaults for OMX/cmex/m/n on input line 110.
LaTeX Font Info:    ... okay on input line 110.
LaTeX Font Info:    Checking defaults for U/cmr/m/n on input line 110.
LaTeX Font Info:    ... okay on input line 110.
LaTeX Font Info:    Checking defaults for PD1/pdf/m/n on input line 110.
LaTeX Font Info:    ... okay on input line 110.
 (/usr/share/texlive/texmf-dist/tex/context/base/mkii/supp-pdf.mkii
[Loading MPS to PDF converter (version 2006.09.02).]
\scratchcounter=\count345
\scratchdimen=\dimen191
\scratchbox=\box58
\nofMPsegments=\count346
\nofMParguments=\count347
\everyMPshowfont=\toks47
\MPscratchCnt=\count348
\MPscratchDim=\dimen192
\MPnumerator=\count349
\makeMPintoPDFobject=\count350
\everyMPtoPDFconversion=\toks48
) (/usr/share/texlive/texmf-dist/tex/latex/epstopdf-pkg/epstopdf-base.sty
Package: epstopdf-base 2020-01-24 v2.11 Base part for package epstopdf
Package epstopdf-base Info: Redefining graphics rule for `.eps' on input line 485.
 (/usr/share/texlive/texmf-dist/tex/latex/latexconfig/epstopdf-sys.cfg
File: epstopdf-sys.cfg 2010/07/13 v1.3 Configuration of (r)epstopdf for TeX Live
))
\AtBeginShipoutBox=\box59
Package hyperref Info: Link coloring OFF on input line 110.
 (/usr/share/texlive/texmf-dist/tex/latex/hyperref/nameref.sty
Package: nameref 2019/09/16 v2.46 Cross-referencing by name of section
 (/usr/share/texlive/texmf-dist/tex/latex/refcount/refcount.sty
Package: refcount 2019/12/15 v3.6 Data extraction from label references (HO)
) (/usr/share/texlive/texmf-dist/tex/generic/gettitlestring/gettitlestring.sty
Package: gettitlestring 2019/12/15 v1.6 Cleanup title references (HO)
)
\c@section@level=\count351
)
LaTeX Info: Redefining \ref on input line 110.
LaTeX Info: Redefining \pageref on input line 110.
LaTeX Info: Redefining \nameref on input line 110.
 (/mnt/d/Universität/4. Semester/Multimedia/GitHub/MultimediaProjekt/doc/latex/main.out) (/mnt/d/Universität/4. Semester/Multimedia/GitHub/MultimediaProjekt/doc/latex/main.out)
\@outlinefile=\write6
\openout6 = `main.out'.

\c@lstlisting=\count352

*geometry* driver: auto-detecting
*geometry* detected driver: pdftex
*geometry* verbose mode - [ preamble ] result:
* driver: pdftex
* paper: <default>
* layout: <same size as paper>
* layoutoffset:(h,v)=(0.0pt,0.0pt)
* modes: 
* h-part:(L,W,R)=(56.9055pt, 500.484pt, 56.9055pt)
* v-part:(T,H,B)=(56.9055pt, 681.15898pt, 56.9055pt)
* \paperwidth=614.295pt
* \paperheight=794.96999pt
* \textwidth=480.59505pt
* \textheight=628.74878pt
* \oddsidemargin=0.0pt
* \evensidemargin=0.0pt
* \topmargin=-20.0pt
* \headheight=12.0pt
* \headsep=10.0pt
* \topskip=11.0pt
* \footskip=30.0pt
* \marginparwidth=40.0pt
* \marginparsep=10.0pt
* \columnsep=10.0pt
* \skip\footins=10.0pt plus 4.0pt minus 2.0pt
* \hoffset=0.0pt
* \voffset=0.0pt
* \mag=1000
* \@twocolumnfalse
* \@twosidefalse
* \@mparswitchfalse
* \@reversemarginfalse
* (1in=72.27pt=25.4mm, 1cm=28.453pt)

LaTeX Font Info:    Trying to load font information for U+msa on input line 113.
(/usr/share/texlive/texmf-dist/tex/latex/amsfonts/umsa.fd
File: umsa.fd 2013/01/14 v3.01 AMS symbols A
)
LaTeX Font Info:    Trying to load font information for U+msb on input line 113.
 (/usr/share/texlive/texmf-dist/tex/latex/amsfonts/umsb.fd
File: umsb.fd 2013/01/14 v3.01 AMS symbols B
) [1

\openout4 = `main.ist'.

{/var/lib/texmf/fonts/map/pdftex/updmap/pdftex.map}]pdfTeX warning (ext4): destination with the same identifier (name{page.1}) has been already used, duplicate ignored
<to be read again> 
                   \relax 
l.125 
       [1] (/mnt/d/Universität/4. Semester/Multimedia/GitHub/MultimediaProjekt/doc/latex/main.toc)
\tf@toc=\write7
\openout7 = `main.toc'.

 [2] (/mnt/d/Universität/4. Semester/Multimedia/GitHub/MultimediaProjekt/doc/latex/main.lof)
\tf@lof=\write8
\openout8 = `main.lof'.

 [3]
No file main.gls.
[4] [5]
<../images/o.png, id=168, 399.74344pt x 402.75468pt>
File: ../images/o.png Graphic file (type png)
<use ../images/o.png>
Package pdftex.def Info: ../images/o.png  used on input line 158.
(pdftex.def)             Requested size: 50.18768pt x 50.56544pt.
<../images/i.png, id=170, 405.76593pt x 404.26031pt>
File: ../images/i.png Graphic file (type png)
<use ../images/i.png>
Package pdftex.def Info: ../images/i.png  used on input line 159.
(pdftex.def)             Requested size: 50.18768pt x 49.99574pt.
<../images/s.png, id=171, 400.49625pt x 402.00188pt>
File: ../images/s.png Graphic file (type png)
<use ../images/s.png>
Package pdftex.def Info: ../images/s.png  used on input line 160.
(pdftex.def)             Requested size: 50.18768pt x 50.37279pt.
<../images/z.png, id=172, 403.5075pt x 402.75468pt>
File: ../images/z.png Graphic file (type png)
<use ../images/z.png>
Package pdftex.def Info: ../images/z.png  used on input line 161.
(pdftex.def)             Requested size: 50.18768pt x 50.09224pt.
<../images/j.png, id=173, 401.24907pt x 401.24907pt>
File: ../images/j.png Graphic file (type png)
<use ../images/j.png>
Package pdftex.def Info: ../images/j.png  used on input line 162.
(pdftex.def)             Requested size: 50.18768pt x 50.18661pt.
<../images/l.png, id=174, 399.74344pt x 402.00188pt>
File: ../images/l.png Graphic file (type png)
<use ../images/l.png>
Package pdftex.def Info: ../images/l.png  used on input line 163.
(pdftex.def)             Requested size: 50.18768pt x 50.47093pt.
<../images/t.png, id=175, 401.24907pt x 402.75468pt>
File: ../images/t.png Graphic file (type png)
<use ../images/t.png>
Package pdftex.def Info: ../images/t.png  used on input line 164.
(pdftex.def)             Requested size: 50.18768pt x 50.37494pt.
<../images/arena.png, id=177, 281.853pt x 468.5505pt>
File: ../images/arena.png Graphic file (type png)
<use ../images/arena.png>
Package pdftex.def Info: ../images/arena.png  used on input line 170.
(pdftex.def)             Requested size: 120.45044pt x 200.23592pt.

Underfull \hbox (badness 6461) in paragraph at lines 172--172
[]\T1/cmr/m/n/10.95 Abbildung 2: []Spielfeld
 []

[6pdfTeX warning (ext4): destination with the same identifier (name{figure.1}) has been already used, duplicate ignored

\AtBegShi@Output ...ipout \box \AtBeginShipoutBox 
                                                  \fi \fi 
l.205 
      pdfTeX warning (ext4): destination with the same identifier (name{figure.2}) has been already used, duplicate ignored

\AtBegShi@Output ...ipout \box \AtBeginShipoutBox 
                                                  \fi \fi 
l.205 
       <../images/o.png> <../images/i.png> <../images/s.png> <../images/z.png> <../images/j.png> <../images/l.png> <../images/t.png> <../images/arena.png>]
LaTeX Font Info:    Trying to load font information for T1+cmtt on input line 206.
 (/usr/share/texlive/texmf-dist/tex/latex/base/t1cmtt.fd
File: t1cmtt.fd 2019/12/16 v2.5j Standard LaTeX font definitions
)
<../images/hsv.png, id=213, 331.2375pt x 264.99pt>
File: ../images/hsv.png Graphic file (type png)
<use ../images/hsv.png>
Package pdftex.def Info: ../images/hsv.png  used on input line 234.
(pdftex.def)             Requested size: 200.75073pt x 160.60045pt.
 [7pdfTeX warning (ext4): destination with the same identifier (name{figure.3}) has been already used, duplicate ignored

\AtBegShi@Output ...ipout \box \AtBeginShipoutBox 
                                                  \fi \fi 
l.239 
       <../images/hsv.png>]
<../state.png, id=236, 468.75125pt x 452.69125pt>
File: ../state.png Graphic file (type png)
<use ../state.png>
Package pdftex.def Info: ../state.png  used on input line 280.
(pdftex.def)             Requested size: 200.75073pt x 193.86598pt.
 [8pdfTeX warning (ext4): destination with the same identifier (name{figure.4}) has been already used, duplicate ignored

\AtBegShi@Output ...ipout \box \AtBeginShipoutBox 
                                                  \fi \fi 
l.287 
       <../state.png (PNG copy)>]
<../images/mem_layout.jpg, id=252, 525.76425pt x 296.307pt>
File: ../images/mem_layout.jpg Graphic file (type jpg)
<use ../images/mem_layout.jpg>
Package pdftex.def Info: ../images/mem_layout.jpg  used on input line 292.
(pdftex.def)             Requested size: 200.75073pt x 113.14038pt.
 [9pdfTeX warning (ext4): destination with the same identifier (name{figure.5}) has been already used, duplicate ignored

\AtBegShi@Output ...ipout \box \AtBeginShipoutBox 
                                                  \fi \fi 
l.340 \end{lstlisting}
                       <../images/mem_layout.jpg>]
<../images/position.jpg, id=276, 295.1025pt x 579.96675pt>
File: ../images/position.jpg Graphic file (type jpg)
<use ../images/position.jpg>
Package pdftex.def Info: ../images/position.jpg  used on input line 343.
(pdftex.def)             Requested size: 100.37537pt x 197.26573pt.

Underfull \hbox (badness 10000) in paragraph at lines 344--344
[]\T1/cmr/m/n/10.95 Abbildung 6:
 []


Underfull \hbox (badness 10000) in paragraph at lines 344--344
[]\T1/cmr/m/n/10.95 Position in der
 []


Package wrapfig Warning: wrapfigure used inside a conflicting environment on input line 347.


Package wrapfig Warning: wrapfigure used inside a conflicting environment on input line 347.


Package wrapfig Warning: wrapfigure used inside a conflicting environment on input line 347.


Package wrapfig Warning: wrapfigure used inside a conflicting environment on input line 347.


Package wrapfig Warning: wrapfigure used inside a conflicting environment on input line 348.


Package wrapfig Warning: wrapfigure used inside a conflicting environment on input line 348.


Package wrapfig Warning: wrapfigure used inside a conflicting environment on input line 348.


Package wrapfig Warning: wrapfigure used inside a conflicting environment on input line 348.


Package wrapfig Warning: wrapfigure used inside a conflicting environment on input line 348.


Package wrapfig Warning: wrapfigure used inside a conflicting environment on input line 348.


Package wrapfig Warning: wrapfigure used inside a conflicting environment on input line 348.


Package wrapfig Warning: wrapfigure used inside a conflicting environment on input line 348.


Package wrapfig Warning: wrapfigure used inside a conflicting environment on input line 350.


Package wrapfig Warning: wrapfigure used inside a conflicting environment on input line 350.


Package wrapfig Warning: wrapfigure used inside a conflicting environment on input line 351.


Package wrapfig Warning: wrapfigure used inside a conflicting environment on input line 351.


Package wrapfig Warning: wrapfigure used inside a conflicting environment on input line 357.


Package wrapfig Warning: wrapfigure used inside a conflicting environment on input line 357.


Package wrapfig Warning: wrapfigure used inside a conflicting environment on input line 359.


Package wrapfig Warning: wrapfigure used inside a conflicting environment on input line 359.


Package wrapfig Warning: wrapfigure used inside a conflicting environment on input line 359.


Package wrapfig Warning: wrapfigure used inside a conflicting environment on input line 359.


Package wrapfig Warning: wrapfigure used inside a conflicting environment on input line 360.


Package wrapfig Warning: wrapfigure used inside a conflicting environment on input line 360.

<../images/collision_wall_succ.png, id=280, 171.039pt x 186.09525pt>
File: ../images/collision_wall_succ.png Graphic file (type png)
<use ../images/collision_wall_succ.png>
Package pdftex.def Info: ../images/collision_wall_succ.png  used on input line 387.
(pdftex.def)             Requested size: 92.25267pt x 100.37537pt.
<../images/collision_wall_fail.png, id=281, 165.61874pt x 176.45924pt>
File: ../images/collision_wall_fail.png Graphic file (type png)
<use ../images/collision_wall_fail.png>
Package pdftex.def Info: ../images/collision_wall_fail.png  used on input line 389.
(pdftex.def)             Requested size: 94.2116pt x 100.37537pt.
<../images/collision_pieces.png, id=282, 189.1065pt x 194.52675pt>
File: ../images/collision_pieces.png Graphic file (type png)
<use ../images/collision_pieces.png>
Package pdftex.def Info: ../images/collision_pieces.png  used on input line 391.
(pdftex.def)             Requested size: 102.45647pt x 105.39413pt.
[10pdfTeX warning (ext4): destination with the same identifier (name{figure.6}) has been already used, duplicate ignored

\AtBegShi@Output ...ipout \box \AtBeginShipoutBox 
                                                  \fi \fi 
l.393 \end{figure}
                   <../images/position.jpg>] [11pdfTeX warning (ext4): destination with the same identifier (name{figure.7}) has been already used, duplicate ignored

\AtBegShi@Output ...ipout \box \AtBeginShipoutBox 
                                                  \fi \fi 
l.435 }
        <../images/collision_wall_succ.png> <../images/collision_wall_fail.png> <../images/collision_pieces.png>]
<../images/arena_copy.png, id=342, 674.52pt x 212.59425pt>
File: ../images/arena_copy.png Graphic file (type png)
<use ../images/arena_copy.png>
Package pdftex.def Info: ../images/arena_copy.png  used on input line 440.
(pdftex.def)             Requested size: 220.8258pt x 69.59836pt.


Package wrapfig Warning: wrapfigure used inside a conflicting environment on input line 444.


Package wrapfig Warning: wrapfigure used inside a conflicting environment on input line 444.


Package wrapfig Warning: wrapfigure used inside a conflicting environment on input line 444.


Package wrapfig Warning: wrapfigure used inside a conflicting environment on input line 444.


Package wrapfig Warning: wrapfigure used inside a conflicting environment on input line 444.


Package wrapfig Warning: wrapfigure used inside a conflicting environment on input line 444.


Package wrapfig Warning: wrapfigure used inside a conflicting environment on input line 447.


Package wrapfig Warning: wrapfigure used inside a conflicting environment on input line 447.


Overfull \hbox (6.9736pt too wide) in paragraph at lines 447--448
[]\T1/cmr/m/n/10.95 Interessanter ist hier die Funk-ti-on []
 []


Package wrapfig Warning: wrapfigure used inside a conflicting environment on input line 449.


Package wrapfig Warning: wrapfigure used inside a conflicting environment on input line 449.


Package wrapfig Warning: wrapfigure used inside a conflicting environment on input line 449.


Package wrapfig Warning: wrapfigure used inside a conflicting environment on input line 449.


Package wrapfig Warning: wrapfigure used inside a conflicting environment on input line 450.


Package wrapfig Warning: wrapfigure used inside a conflicting environment on input line 450.


LaTeX Warning: `h' float specifier changed to `ht'.

[12pdfTeX warning (ext4): destination with the same identifier (name{figure.8}) has been already used, duplicate ignored

\AtBegShi@Output ...ipout \box \AtBeginShipoutBox 
                                                  \fi \fi 
l.544  
            size_t to_index   = coords_to_array_index(size - 1 -j, i, size) ... <../images/arena_copy.png>]
<../images/font.jpg, id=374, 1606.0pt x 451.6875pt>
File: ../images/font.jpg Graphic file (type jpg)
<use ../images/font.jpg>
Package pdftex.def Info: ../images/font.jpg  used on input line 589.
(pdftex.def)             Requested size: 401.50146pt x 112.92159pt.


LaTeX Warning: `h' float specifier changed to `ht'.

[13pdfTeX warning (ext4): destination with the same identifier (name{figure.9}) has been already used, duplicate ignored

\AtBegShi@Output ...ipout \box \AtBeginShipoutBox 
                                                  \fi \fi 
l.595  
        for (size_t i = 0; i < strlen(string); i++) {] [14pdfTeX warning (ext4): destination with the same identifier (name{figure.10}) has been already used, duplicate ignored

\AtBegShi@Output ...ipout \box \AtBeginShipoutBox 
                                                  \fi \fi 
l.641 
       <../images/font.jpg>]
<../images/arena_halb.png, id=418, 507.0945pt x 162.00525pt>
File: ../images/arena_halb.png Graphic file (type png)
<use ../images/arena_halb.png>
Package pdftex.def Info: ../images/arena_halb.png  used on input line 650.
(pdftex.def)             Requested size: 401.50146pt x 128.2769pt.
 [15pdfTeX warning (ext4): destination with the same identifier (name{figure.11}) has been already used, duplicate ignored

\AtBegShi@Output ...ipout \box \AtBeginShipoutBox 
                                                  \fi \fi 
l.688 
       <../images/arena_halb.png>]
<../plt/level_speed.png, id=438, 1279.78125pt x 526.96875pt>
File: ../plt/level_speed.png Graphic file (type png)
<use ../plt/level_speed.png>
Package pdftex.def Info: ../plt/level_speed.png  used on input line 704.
(pdftex.def)             Requested size: 200.75073pt x 82.6603pt.

Underfull \hbox (badness 10000) in paragraph at lines 705--705
[]\T1/cmr/m/n/10.95 Abbildung 12: []Level-Geschwingkeits-
 []


Package wrapfig Warning: Stationary wrapfigure forced to float on input line 709.


Package wrapfig Warning: wrapfigure used inside a conflicting environment on input line 716.


Package wrapfig Warning: wrapfigure used inside a conflicting environment on input line 716.


Package wrapfig Warning: wrapfigure used inside a conflicting environment on input line 717.


Package wrapfig Warning: wrapfigure used inside a conflicting environment on input line 717.


Package wrapfig Warning: wrapfigure used inside a conflicting environment on input line 717.


Package wrapfig Warning: wrapfigure used inside a conflicting environment on input line 717.

[16pdfTeX warning (ext4): destination with the same identifier (name{figure.12}) has been already used, duplicate ignored

\AtBegShi@Output ...ipout \box \AtBeginShipoutBox 
                                                  \fi \fi 
l.744 Z
       usätzlich wurde dem Nutzer die Möglichkeit gegeben, die Tasten zum ... <../plt/level_speed.png>] [17] [18] [19] (/usr/share/texlive/texmf-dist/tex/latex/listings/lstlang1.sty
File: lstlang1.sty 2019/09/10 1.8c listings language file
) (/usr/share/texlive/texmf-dist/tex/latex/listings/lstlang1.sty
File: lstlang1.sty 2019/09/10 1.8c listings language file
)
<../images/keyboard.jpg, id=502, 1473.505pt x 573.14125pt>
File: ../images/keyboard.jpg Graphic file (type jpg)
<use ../images/keyboard.jpg>
Package pdftex.def Info: ../images/keyboard.jpg  used on input line 893.
(pdftex.def)             Requested size: 401.50146pt x 156.16696pt.
 [20pdfTeX warning (ext4): destination with the same identifier (name{figure.13}) has been already used, duplicate ignored

\AtBegShi@Output ...ipout \box \AtBeginShipoutBox 
                                                  \fi \fi 
l.901 
       <../images/keyboard.jpg>] [21] (/mnt/d/Universität/4. Semester/Multimedia/GitHub/MultimediaProjekt/doc/latex/main.bbl)
Package atveryend Info: Empty hook `BeforeClearDocument' on input line 909.
 [22]
Package atveryend Info: Empty hook `AfterLastShipout' on input line 909.
 (/mnt/d/Universität/4. Semester/Multimedia/GitHub/MultimediaProjekt/doc/latex/main.aux)
Package atveryend Info: Executing hook `AtVeryEndDocument' on input line 909.
Package atveryend Info: Executing hook `AtEndAfterFileList' on input line 909.
Package rerunfilecheck Info: File `main.out' has not changed.
(rerunfilecheck)             Checksum: 5FB2865502ECE969D046A6E9AA7B8E09;1201.
Package atveryend Info: Empty hook `AtVeryVeryEnd' on input line 909.
 ) 
Here is how much of TeX's memory you used:
 19112 strings out of 481239
 302656 string characters out of 5920377
 883177 words of memory out of 5000000
 33717 multiletter control sequences out of 15000+600000
 548663 words of font info for 63 fonts, out of 8000000 for 9000
 1141 hyphenation exceptions out of 8191
 51i,12n,93p,1064b,1915s stack positions out of 5000i,500n,10000p,200000b,80000s
pdfTeX warning (dest): name{glo:geg} has been referenced but does not exist, replaced by a fixed one

pdfTeX warning (dest): name{glo:opl} has been referenced but does not exist, replaced by a fixed one

pdfTeX warning (dest): name{glo:tet} has been referenced but does not exist, replaced by a fixed one

{/usr/share/texmf/fonts/enc/dvips/cm-super/cm-super-t1.enc}{/usr/share/texmf/fonts/enc/dvips/cm-super/cm-super-ts1.enc}</usr/share/texlive/texmf-dist/fonts/type1/public/amsfonts/cm/cmex10.pfb></usr/share/texlive/texmf-dist/fonts/type1/public/amsfonts/cm/cmmi10.pfb></usr/share/texlive/texmf-dist/fonts/type1/public/amsfonts/cm/cmmi8.pfb></usr/share/texlive/texmf-dist/fonts/type1/public/amsfonts/cm/cmr10.pfb></usr/share/texlive/texmf-dist/fonts/type1/public/amsfonts/cm/cmsy10.pfb></usr/share/texlive/texmf-dist/fonts/type1/public/amsfonts/cm/cmsy8.pfb></usr/share/texmf/fonts/type1/public/cm-super/sfbx1095.pfb></usr/share/texmf/fonts/type1/public/cm-super/sfbx1200.pfb></usr/share/texmf/fonts/type1/public/cm-super/sfbx1440.pfb></usr/share/texmf/fonts/type1/public/cm-super/sfbx1728.pfb></usr/share/texmf/fonts/type1/public/cm-super/sfrm0600.pfb></usr/share/texmf/fonts/type1/public/cm-super/sfrm0800.pfb></usr/share/texmf/fonts/type1/public/cm-super/sfrm0900.pfb></usr/share/texmf/fonts/type1/public/cm-super/sfrm1095.pfb></usr/share/texmf/fonts/type1/public/cm-super/sfrm1200.pfb></usr/share/texmf/fonts/type1/public/cm-super/sfti1095.pfb></usr/share/texmf/fonts/type1/public/cm-super/sftt0900.pfb></usr/share/texmf/fonts/type1/public/cm-super/sftt1095.pfb>
Output written on "/mnt/d/Universität/4. Semester/Multimedia/GitHub/MultimediaProjekt/doc/latex/main.pdf" (23 pages, 975558 bytes).
PDF statistics:
 650 PDF objects out of 1000 (max. 8388607)
 566 compressed objects within 6 object streams
 243 named destinations out of 1000 (max. 500000)
 253 words of extra memory for PDF output out of 10000 (max. 10000000)

